<?xml version="1.0" encoding="UTF-8"?>
<testng-results ignored="0" total="2" passed="2" failed="0" skipped="0">
  <reporter-output>
  </reporter-output>
  <suite started-at="2023-09-09T08:59:39 IST" name="Suite" finished-at="2023-09-09T09:00:11 IST" duration-ms="32469">
    <groups>
    </groups>
    <test started-at="2023-09-09T08:59:39 IST" name="Test" finished-at="2023-09-09T09:00:11 IST" duration-ms="32469">
      <class name="module1_login_test.SwagLabLoginTest1">
        <test-method is-config="true" signature="openBrowser()[pri:0, instance:module1_login_test.SwagLabLoginTest1@795509d9]" started-at="2023-09-09T08:59:39 IST" name="openBrowser" finished-at="2023-09-09T08:59:50 IST" duration-ms="11042" status="PASS">
          <reporter-output>
          </reporter-output>
        </test-method> <!-- openBrowser -->
        <test-method is-config="true" signature="loginToApp()[pri:0, instance:module1_login_test.SwagLabLoginTest1@795509d9]" started-at="2023-09-09T08:59:50 IST" name="loginToApp" finished-at="2023-09-09T08:59:54 IST" duration-ms="3675" status="PASS">
          <reporter-output>
          </reporter-output>
        </test-method> <!-- loginToApp -->
        <test-method signature="verifyLogo()[pri:1, instance:module1_login_test.SwagLabLoginTest1@795509d9]" started-at="2023-09-09T08:59:54 IST" name="verifyLogo" finished-at="2023-09-09T08:59:54 IST" duration-ms="117" status="PASS">
          <reporter-output>
          </reporter-output>
        </test-method> <!-- verifyLogo -->
        <test-method is-config="true" signature="logoutFromApp(org.testng.ITestResult)[pri:0, instance:module1_login_test.SwagLabLoginTest1@795509d9]" started-at="2023-09-09T08:59:54 IST" name="logoutFromApp" finished-at="2023-09-09T09:00:00 IST" duration-ms="6247" status="PASS">
          <params>
            <param index="0">
              <value>
                <![CDATA[[TestResult name=verifyLogo status=SUCCESS method=SwagLabLoginTest1.verifyLogo()[pri:1, instance:module1_login_test.SwagLabLoginTest1@795509d9] output={null}]]]>
              </value>
            </param>
          </params>
          <reporter-output>
          </reporter-output>
        </test-method> <!-- logoutFromApp -->
        <test-method is-config="true" signature="loginToApp()[pri:0, instance:module1_login_test.SwagLabLoginTest1@795509d9]" started-at="2023-09-09T09:00:00 IST" name="loginToApp" finished-at="2023-09-09T09:00:04 IST" duration-ms="3414" status="PASS">
          <reporter-output>
          </reporter-output>
        </test-method> <!-- loginToApp -->
        <test-method signature="addToCartBtn()[pri:2, instance:module1_login_test.SwagLabLoginTest1@795509d9]" started-at="2023-09-09T09:00:04 IST" name="addToCartBtn" finished-at="2023-09-09T09:00:05 IST" duration-ms="1348" status="PASS">
          <reporter-output>
          </reporter-output>
        </test-method> <!-- addToCartBtn -->
        <test-method is-config="true" signature="logoutFromApp(org.testng.ITestResult)[pri:0, instance:module1_login_test.SwagLabLoginTest1@795509d9]" started-at="2023-09-09T09:00:05 IST" name="logoutFromApp" finished-at="2023-09-09T09:00:11 IST" duration-ms="6152" status="PASS">
          <params>
            <param index="0">
              <value>
                <![CDATA[[TestResult name=addToCartBtn status=SUCCESS method=SwagLabLoginTest1.addToCartBtn()[pri:2, instance:module1_login_test.SwagLabLoginTest1@795509d9] output={null}]]]>
              </value>
            </param>
          </params>
          <reporter-output>
          </reporter-output>
        </test-method> <!-- logoutFromApp -->
        <test-method is-config="true" signature="closeBrowser()[pri:0, instance:module1_login_test.SwagLabLoginTest1@795509d9]" started-at="2023-09-09T09:00:11 IST" name="closeBrowser" finished-at="2023-09-09T09:00:11 IST" duration-ms="383" status="PASS">
          <reporter-output>
          </reporter-output>
        </test-method> <!-- closeBrowser -->
      </class> <!-- module1_login_test.SwagLabLoginTest1 -->
    </test> <!-- Test -->
  </suite> <!-- Suite -->
</testng-results>
